[35m2024-11-25 15:19:06 http: GET /auth/google 302 0 - 2.590 ms -[39m
[35m2024-11-25 15:19:10 http: GET /auth/callback/?code=4%2F0AeanS0bw-KR3xeL06eHTr4c-slu0cGqoV7TsjqGhsZC-v4GMYbcvmrqZbDZqF-quS7FBqg&scope=email+profile+https%3A%2F%2Fwww.googleapis.com%2Fauth%2Fuserinfo.email+https%3A%2F%2Fwww.googleapis.com%2Fauth%2Fuserinfo.profile+openid&authuser=0&prompt=none 500 1181 - 756.919 ms -[39m
[35m2024-11-25 15:20:12 http: GET /auth/google 302 0 - 1.749 ms -[39m
[35m2024-11-25 15:20:15 http: GET /auth/callback/?code=4%2F0AeanS0a04Y0TMXGAPQ5wRJzc9U7ZA6QHhAVlsx1tmBm58Btv1ztLfgQVu3z3rqffxzXD7A&scope=email+profile+openid+https%3A%2F%2Fwww.googleapis.com%2Fauth%2Fuserinfo.email+https%3A%2F%2Fwww.googleapis.com%2Fauth%2Fuserinfo.profile&authuser=0&prompt=none 302 0 - 150.224 ms -[39m
[35m2024-11-25 15:20:15 http: GET /auth/callback/ 302 0 - 45.520 ms -[39m
[35m2024-11-25 15:20:15 http: GET /auth/callback/ 302 0 - 43.160 ms -[39m
[35m2024-11-25 15:20:15 http: GET /auth/callback/ 302 0 - 48.727 ms -[39m
[35m2024-11-25 15:20:15 http: GET /auth/callback/ 302 0 - 40.150 ms -[39m
[35m2024-11-25 15:20:15 http: GET /auth/callback/ 302 0 - 52.826 ms -[39m
[35m2024-11-25 15:20:15 http: GET /auth/callback/ 302 0 - 48.123 ms -[39m
[35m2024-11-25 15:20:15 http: GET /auth/callback/ 302 0 - 65.605 ms -[39m
[35m2024-11-25 15:20:15 http: GET /auth/callback/ 302 0 - 60.683 ms -[39m
[35m2024-11-25 15:20:15 http: GET /auth/callback/ 302 0 - 52.639 ms -[39m
[35m2024-11-25 15:20:15 http: GET /auth/callback/ 302 0 - 44.730 ms -[39m
[35m2024-11-25 15:20:15 http: GET /auth/callback/ 302 0 - 71.960 ms -[39m
[35m2024-11-25 15:20:15 http: GET /auth/callback/ 302 0 - 32.507 ms -[39m
[35m2024-11-25 15:20:15 http: GET /auth/callback/ 302 0 - 46.589 ms -[39m
[35m2024-11-25 15:20:15 http: GET /auth/callback/ 302 0 - 44.316 ms -[39m
[35m2024-11-25 15:20:15 http: GET /auth/callback/ 302 0 - 29.603 ms -[39m
[35m2024-11-25 15:20:15 http: GET /auth/callback/ 302 0 - 45.869 ms -[39m
[35m2024-11-25 15:20:15 http: GET /auth/callback/ 302 0 - 43.503 ms -[39m
[35m2024-11-25 15:20:16 http: GET /auth/callback/ 302 0 - 39.730 ms -[39m
[35m2024-11-25 15:20:17 http: GET /auth/callback/ 302 0 - 122.115 ms -[39m
[35m2024-11-25 15:20:17 http: GET /auth/callback/ 302 0 - 89.394 ms -[39m
[35m2024-11-25 15:20:17 http: GET /auth/callback/ 302 0 - 40.718 ms -[39m
[35m2024-11-25 15:20:17 http: GET /auth/callback/ 302 0 - 149.350 ms -[39m
[35m2024-11-25 15:20:17 http: GET /auth/callback/ 302 0 - 41.115 ms -[39m
[35m2024-11-25 15:20:17 http: GET /auth/callback/ 302 0 - 61.083 ms -[39m
[35m2024-11-25 15:20:17 http: GET /auth/callback/ 302 0 - 44.833 ms -[39m
[35m2024-11-25 15:20:17 http: GET /auth/callback/ 302 0 - 49.966 ms -[39m
[35m2024-11-25 15:20:17 http: GET /auth/callback/ 302 0 - 40.104 ms -[39m
[35m2024-11-25 15:20:17 http: GET /auth/callback/ 302 0 - 44.355 ms -[39m
[35m2024-11-25 15:20:17 http: GET /auth/callback/ 302 0 - 69.636 ms -[39m
[35m2024-11-25 15:20:17 http: GET /auth/callback/ 302 0 - 68.900 ms -[39m
[35m2024-11-25 15:20:18 http: GET /auth/callback/ 302 0 - 89.861 ms -[39m
[35m2024-11-25 15:20:18 http: GET /auth/callback/ 302 0 - 44.117 ms -[39m
[35m2024-11-25 15:20:18 http: GET /auth/callback/ 302 0 - 48.235 ms -[39m
[35m2024-11-25 15:20:18 http: GET /auth/callback/ 302 0 - 48.752 ms -[39m
[35m2024-11-25 15:20:18 http: GET /auth/callback/ 302 0 - 53.772 ms -[39m
[35m2024-11-25 15:20:18 http: GET /auth/callback/ 302 0 - 49.412 ms -[39m
[35m2024-11-25 15:20:18 http: GET /auth/callback/ 302 0 - 48.575 ms -[39m
[35m2024-11-25 15:20:18 http: GET /auth/callback/ 302 0 - 39.223 ms -[39m
[35m2024-11-25 15:21:31 http: GET /auth/google 302 0 - 1.738 ms -[39m
[35m2024-11-25 15:21:34 http: GET /auth/callback/?code=4%2F0AeanS0bBVFojChLZ1zBoXxYfqxQ53wn70rrtyhWKUtRamnSSrZPeAxFOhm91B-C4dYh9pA&scope=email+profile+https%3A%2F%2Fwww.googleapis.com%2Fauth%2Fuserinfo.email+https%3A%2F%2Fwww.googleapis.com%2Fauth%2Fuserinfo.profile+openid&authuser=0&prompt=none 302 0 - 162.731 ms -[39m
[35m2024-11-25 15:21:34 http: GET /auth/callback/ 302 0 - 56.519 ms -[39m
[35m2024-11-25 15:21:34 http: GET /auth/callback/ 302 0 - 49.284 ms -[39m
[35m2024-11-25 15:21:34 http: GET /auth/callback/ 302 0 - 50.524 ms -[39m
[35m2024-11-25 15:21:34 http: GET /auth/callback/ 302 0 - 31.396 ms -[39m
[35m2024-11-25 15:21:34 http: GET /auth/callback/ 302 0 - 42.155 ms -[39m
[35m2024-11-25 15:21:34 http: GET /auth/callback/ 302 0 - 60.289 ms -[39m
[35m2024-11-25 15:21:34 http: GET /auth/callback/ 302 0 - 45.707 ms -[39m
[35m2024-11-25 15:21:34 http: GET /auth/callback/ 302 0 - 38.488 ms -[39m
[35m2024-11-25 15:21:34 http: GET /auth/callback/ 302 0 - 64.036 ms -[39m
[35m2024-11-25 15:21:35 http: GET /auth/callback/ 302 0 - 49.310 ms -[39m
[35m2024-11-25 15:21:35 http: GET /auth/callback/ 302 0 - 43.993 ms -[39m
[35m2024-11-25 15:21:35 http: GET /auth/callback/ 302 0 - 37.952 ms -[39m
[35m2024-11-25 15:21:35 http: GET /auth/callback/ 302 0 - 33.539 ms -[39m
[35m2024-11-25 15:21:35 http: GET /auth/callback/ 302 0 - 31.442 ms -[39m
[35m2024-11-25 15:21:35 http: GET /auth/callback/ 302 0 - 40.748 ms -[39m
[35m2024-11-25 15:21:35 http: GET /auth/callback/ 302 0 - 38.922 ms -[39m
[35m2024-11-25 15:21:35 http: GET /auth/callback/ 302 0 - 38.842 ms -[39m
[35m2024-11-25 15:21:35 http: GET /auth/callback/ 302 0 - 36.135 ms -[39m
[35m2024-11-25 15:21:36 http: GET /auth/callback/ 302 0 - 37.777 ms -[39m
[35m2024-11-25 15:21:36 http: GET /auth/callback/ 302 0 - 72.648 ms -[39m
[35m2024-11-25 15:21:36 http: GET /auth/callback/ 302 0 - 39.855 ms -[39m
[35m2024-11-25 15:21:36 http: GET /auth/callback/ 302 0 - 53.333 ms -[39m
[35m2024-11-25 15:21:36 http: GET /auth/callback/ 302 0 - 45.936 ms -[39m
[35m2024-11-25 15:21:36 http: GET /auth/callback/ 302 0 - 30.965 ms -[39m
[35m2024-11-25 15:21:36 http: GET /auth/callback/ 302 0 - 34.922 ms -[39m
[35m2024-11-25 15:21:36 http: GET /auth/callback/ 302 0 - 37.112 ms -[39m
[35m2024-11-25 15:21:36 http: GET /auth/callback/ 302 0 - 31.847 ms -[39m
[35m2024-11-25 15:21:36 http: GET /auth/callback/ 302 0 - 33.465 ms -[39m
[35m2024-11-25 15:21:36 http: GET /auth/callback/ 302 0 - 48.794 ms -[39m
[35m2024-11-25 15:21:36 http: GET /auth/callback/ 302 0 - 39.734 ms -[39m
[35m2024-11-25 15:21:37 http: GET /auth/callback/ 302 0 - 46.532 ms -[39m
[35m2024-11-25 15:21:37 http: GET /auth/callback/ 302 0 - 38.556 ms -[39m
[35m2024-11-25 15:21:37 http: GET /auth/callback/ 302 0 - 48.830 ms -[39m
[35m2024-11-25 15:21:37 http: GET /auth/callback/ 302 0 - 37.836 ms -[39m
[35m2024-11-25 15:21:37 http: GET /auth/callback/ 302 0 - 37.596 ms -[39m
[35m2024-11-25 15:21:37 http: GET /auth/callback/ 302 0 - 43.114 ms -[39m
[35m2024-11-25 15:21:37 http: GET /auth/callback/ 302 0 - 36.175 ms -[39m
[35m2024-11-25 15:21:37 http: GET /auth/callback/ 302 0 - 37.994 ms -[39m
[35m2024-11-25 15:24:59 http: GET /auth/google 302 0 - 2.238 ms -[39m
[35m2024-11-25 15:25:03 http: GET /auth/callback/?code=4%2F0AeanS0ZzG51ZYpEshlsatxqTYIchl4K7kbb0mLWByyJhypNykgE-ondqN6zOza0I3Xn9hQ&scope=email+profile+https%3A%2F%2Fwww.googleapis.com%2Fauth%2Fuserinfo.email+https%3A%2F%2Fwww.googleapis.com%2Fauth%2Fuserinfo.profile+openid&authuser=0&prompt=none 500 1181 - 154.729 ms -[39m
[35m2024-11-25 19:43:27 http: GET /auth/google 302 0 - 2.766 ms -[39m
[35m2024-11-25 19:43:35 http: GET /auth/callback/?code=4%2F0AeanS0Y0pJZOBGuuez64cyBHoRttvVUbBxl53356hEtDh0mLdiO-l8TYDwXlewCP6PDvow&scope=email+profile+https%3A%2F%2Fwww.googleapis.com%2Fauth%2Fuserinfo.email+https%3A%2F%2Fwww.googleapis.com%2Fauth%2Fuserinfo.profile+openid&authuser=0&prompt=none 500 1173 - 146.466 ms -[39m
[35m2024-11-25 19:44:15 http: GET /auth/callback/?code=4%2F0AeanS0Y0pJZOBGuuez64cyBHoRttvVUbBxl53356hEtDh0mLdiO-l8TYDwXlewCP6PDvow&scope=email+profile+https%3A%2F%2Fwww.googleapis.com%2Fauth%2Fuserinfo.email+https%3A%2F%2Fwww.googleapis.com%2Fauth%2Fuserinfo.profile+openid&authuser=0&prompt=none 500 1173 - 127.473 ms -[39m
[35m2024-11-25 19:44:18 http: GET /auth/google 302 0 - 0.613 ms -[39m
[35m2024-11-25 19:44:28 http: GET /auth/google 302 0 - 4.339 ms -[39m
[35m2024-11-25 19:44:32 http: GET /auth/callback/?code=4%2F0AeanS0aml4qyt_GwAU8g_Y_uEjAxX1OqwH-Ir2eA4KthVg8wxRo4B6hgXqPUG5G1EIiJDQ&scope=email+profile+https%3A%2F%2Fwww.googleapis.com%2Fauth%2Fuserinfo.email+https%3A%2F%2Fwww.googleapis.com%2Fauth%2Fuserinfo.profile+openid&authuser=0&prompt=none 500 1173 - 148.052 ms -[39m
[35m2024-11-25 19:45:43 http: GET /auth/google 302 0 - 2.600 ms -[39m
[35m2024-11-25 19:45:45 http: GET /auth/callback/?code=4%2F0AeanS0bMLpZTQIRZ4fKk2XYrz_Y_yHydl51vpHWNkssM3Twlt6cEfmVPI_7elrG6GMTISA&scope=email+profile+https%3A%2F%2Fwww.googleapis.com%2Fauth%2Fuserinfo.email+https%3A%2F%2Fwww.googleapis.com%2Fauth%2Fuserinfo.profile+openid&authuser=0&prompt=none 500 1173 - 154.978 ms -[39m
[35m2024-11-25 19:50:06 http: GET /auth/google 302 0 - 1.655 ms -[39m
[35m2024-11-25 19:50:09 http: GET /auth/callback/?code=4%2F0AeanS0bPqaZHH5NTdhKHE_1sNkDQ6XjGDDAy0Kio4wARHEmzSwVk_uVtmGo_8t7C4XHi8A&scope=email+profile+https%3A%2F%2Fwww.googleapis.com%2Fauth%2Fuserinfo.email+https%3A%2F%2Fwww.googleapis.com%2Fauth%2Fuserinfo.profile+openid&authuser=0&prompt=none 500 1181 - 161.845 ms -[39m
[35m2024-11-25 19:50:24 http: GET /auth/google 302 0 - 1.492 ms -[39m
[35m2024-11-25 19:50:28 http: GET /auth/callback/?code=4%2F0AeanS0bKJC39xgSIUeR9x4Eo6qZdDrgC8-sKzSbsf8bTrS9pD1hAykenR-AoXuamTe0t-Q&scope=email+profile+https%3A%2F%2Fwww.googleapis.com%2Fauth%2Fuserinfo.email+https%3A%2F%2Fwww.googleapis.com%2Fauth%2Fuserinfo.profile+openid&authuser=0&prompt=none 200 254 - 752.535 ms -[39m
[35m2024-11-25 19:51:26 http: GET /auth/google 302 0 - 1.565 ms -[39m
[35m2024-11-25 19:51:29 http: GET /auth/callback/?code=4%2F0AeanS0bLdKaf1oaBwvKPRNkzVkYNWkqgstwYGobo-PjPPdZgu_b-W2hb65LK9mQHjSNVNA&scope=email+profile+openid+https%3A%2F%2Fwww.googleapis.com%2Fauth%2Fuserinfo.email+https%3A%2F%2Fwww.googleapis.com%2Fauth%2Fuserinfo.profile&authuser=0&prompt=none 200 254 - 415.451 ms -[39m
[35m2024-11-25 19:54:49 http: GET /auth/google 302 0 - 1.546 ms -[39m
[35m2024-11-25 19:54:53 http: GET /auth/callback/?code=4%2F0AeanS0acVF1Yt8-lAi26SeeUrc98qPKZKeb0m2GNID6DnaPQt9S_p8if_7465-fnXwDxHw&scope=email+profile+https%3A%2F%2Fwww.googleapis.com%2Fauth%2Fuserinfo.email+https%3A%2F%2Fwww.googleapis.com%2Fauth%2Fuserinfo.profile+openid&authuser=0&prompt=none 200 254 - 477.908 ms -[39m
[35m2024-11-25 20:23:22 http: GET /auth/google 302 0 - 1.532 ms -[39m
[35m2024-11-25 20:23:45 http: GET /auth/google 302 0 - 0.330 ms -[39m
[35m2024-12-02 07:31:14 http: GET /auth/google 302 0 - 1.147 ms -[39m
[35m2024-12-02 07:31:37 http: GET /auth/google 302 0 - 0.346 ms -[39m
[35m2024-12-02 07:31:44 http: GET /auth/google 302 0 - 0.429 ms -[39m
[35m2024-12-02 07:32:04 http: GET /auth/google 302 0 - 0.409 ms -[39m
[35m2024-12-02 07:32:26 http: GET /auth/google 302 0 - 0.301 ms -[39m
[35m2024-12-02 07:39:21 http: GET /auth/google 302 0 - 0.244 ms -[39m
[35m2024-12-02 07:39:28 http: GET /auth/google 302 0 - 0.231 ms -[39m
[35m2024-12-02 07:39:28 http: GET /auth/google 302 0 - 0.290 ms -[39m
[35m2024-12-02 07:39:29 http: GET /auth/google 302 0 - 0.254 ms -[39m
[35m2024-12-02 07:39:31 http: GET /auth/google 302 0 - 0.217 ms -[39m
[35m2024-12-02 07:39:33 http: GET /auth/google 302 0 - 0.260 ms -[39m
[35m2024-12-02 07:39:35 http: GET /auth/google 302 0 - 0.283 ms -[39m
[35m2024-12-02 07:39:51 http: GET /auth/google 302 0 - 0.258 ms -[39m
[35m2024-12-02 07:43:15 http: GET /auth/google 302 0 - 0.315 ms -[39m
[35m2024-12-02 07:43:54 http: GET /auth/google 302 0 - 0.289 ms -[39m
[35m2024-12-02 07:48:15 http: GET /auth/google 302 0 - 0.218 ms -[39m
[35m2024-12-02 07:53:49 http: GET /auth/google 302 0 - 0.261 ms -[39m
[35m2024-12-02 08:04:08 http: GET /auth/google 302 0 - 1.503 ms -[39m
[35m2024-12-02 08:07:33 http: GET /auth/google 302 0 - 0.525 ms -[39m
